[2020-01-07 15:52:42,817] {taskinstance.py:655} INFO - Dependencies all met for <TaskInstance: JB_CALCULATE_EARNINGS.CALCULATION_FOR_EARNINGS 2020-01-03T00:00:00+00:00 [queued]>
[2020-01-07 15:52:42,835] {taskinstance.py:655} INFO - Dependencies all met for <TaskInstance: JB_CALCULATE_EARNINGS.CALCULATION_FOR_EARNINGS 2020-01-03T00:00:00+00:00 [queued]>
[2020-01-07 15:52:42,835] {taskinstance.py:866} INFO - 
--------------------------------------------------------------------------------
[2020-01-07 15:52:42,835] {taskinstance.py:867} INFO - Starting attempt 1 of 1
[2020-01-07 15:52:42,835] {taskinstance.py:868} INFO - 
--------------------------------------------------------------------------------
[2020-01-07 15:52:42,899] {taskinstance.py:887} INFO - Executing <Task(PythonOperator): CALCULATION_FOR_EARNINGS> on 2020-01-03T00:00:00+00:00
[2020-01-07 15:52:42,901] {standard_task_runner.py:52} INFO - Started process 28700 to run task
[2020-01-07 15:52:43,004] {logging_mixin.py:112} INFO - [2020-01-07 15:52:43,003] {dagbag.py:403} INFO - Filling up the DagBag from /home/DOM.INCENTIUS.COM/ankur.singh/workspace/airflow_poc/dags/generate_job_dags.py
[2020-01-07 15:52:43,270] {logging_mixin.py:112} INFO - Running %s on host %s <TaskInstance: JB_CALCULATE_EARNINGS.CALCULATION_FOR_EARNINGS 2020-01-03T00:00:00+00:00 [running]> PATNA.dom.incentius.com
[2020-01-07 15:52:43,283] {python_operator.py:105} INFO - Exporting the following env vars:
AIRFLOW_CTX_DAG_OWNER=airflow
AIRFLOW_CTX_DAG_ID=JB_CALCULATE_EARNINGS
AIRFLOW_CTX_TASK_ID=CALCULATION_FOR_EARNINGS
AIRFLOW_CTX_EXECUTION_DATE=2020-01-03T00:00:00+00:00
AIRFLOW_CTX_DAG_RUN_ID=scheduled__2020-01-03T00:00:00+00:00
[2020-01-07 15:52:43,284] {logging_mixin.py:112} INFO - {'__index': 11, 'column_mapping': {}, 'columns_groupby': [], 'custom_input_validation': '', 'drop_table': False, 'expressions': [{'__index': 0, 'expression': 'calculate_lookup_value(volume_achievement,"LOOKUP_CURVE")', 'keep_result': 'keep', 'length': 15, 'precision': 4, 'result': 'earnings_pct', 'type': 'DECIMAL'}, {'__index': 1, 'expression': "4000 if(product_id=='prod001' or product_id=='prod002') else 3500 if(product_id=='prod003' or product_id=='prod004') else 3000\t", 'keep_result': 'keep', 'length': 15, 'precision': 2, 'result': 'target', 'type': 'DECIMAL'}, {'__index': 2, 'expression': 'target*(earnings_pct/100)', 'keep_result': 'keep', 'length': 15, 'precision': 4, 'result': 'product_earnings', 'type': 'DECIMAL'}], 'replacement_value': '', 'selected_columns': [], 'selected_item_checkbox_data': {}, 'step_id': 'CALCULATION_FOR_EARNINGS', 'step_inputs': 'READ_DSR_ACHIEVEMENT', 'step_name': 'CALCULATION_FOR_EARNINGS', 'step_type': 'expression-eval'}
[2020-01-07 15:52:43,284] {logging_mixin.py:112} INFO - <airflow.configuration.AirflowConfigParser object at 0x7f3a508a65c0>
[2020-01-07 15:52:43,284] {python_operator.py:114} INFO - Done. Returned value was: None
[2020-01-07 15:52:52,751] {logging_mixin.py:112} INFO - [2020-01-07 15:52:52,751] {local_task_job.py:103} INFO - Task exited with return code 0
