[2020-01-07 15:57:02,555] {taskinstance.py:655} INFO - Dependencies all met for <TaskInstance: JB_CALCULATE_EARNINGS.COMMISSION_CALCULATION_FOR_FOS 2020-01-03T00:00:00+00:00 [queued]>
[2020-01-07 15:57:02,571] {taskinstance.py:655} INFO - Dependencies all met for <TaskInstance: JB_CALCULATE_EARNINGS.COMMISSION_CALCULATION_FOR_FOS 2020-01-03T00:00:00+00:00 [queued]>
[2020-01-07 15:57:02,571] {taskinstance.py:866} INFO - 
--------------------------------------------------------------------------------
[2020-01-07 15:57:02,571] {taskinstance.py:867} INFO - Starting attempt 1 of 1
[2020-01-07 15:57:02,571] {taskinstance.py:868} INFO - 
--------------------------------------------------------------------------------
[2020-01-07 15:57:02,706] {taskinstance.py:887} INFO - Executing <Task(PythonOperator): COMMISSION_CALCULATION_FOR_FOS> on 2020-01-03T00:00:00+00:00
[2020-01-07 15:57:02,711] {standard_task_runner.py:52} INFO - Started process 29218 to run task
[2020-01-07 15:57:02,885] {logging_mixin.py:112} INFO - [2020-01-07 15:57:02,883] {dagbag.py:403} INFO - Filling up the DagBag from /home/DOM.INCENTIUS.COM/ankur.singh/workspace/airflow_poc/dags/generate_job_dags.py
[2020-01-07 15:57:03,215] {logging_mixin.py:112} INFO - Running %s on host %s <TaskInstance: JB_CALCULATE_EARNINGS.COMMISSION_CALCULATION_FOR_FOS 2020-01-03T00:00:00+00:00 [running]> PATNA.dom.incentius.com
[2020-01-07 15:57:03,229] {python_operator.py:105} INFO - Exporting the following env vars:
AIRFLOW_CTX_DAG_OWNER=airflow
AIRFLOW_CTX_DAG_ID=JB_CALCULATE_EARNINGS
AIRFLOW_CTX_TASK_ID=COMMISSION_CALCULATION_FOR_FOS
AIRFLOW_CTX_EXECUTION_DATE=2020-01-03T00:00:00+00:00
AIRFLOW_CTX_DAG_RUN_ID=scheduled__2020-01-03T00:00:00+00:00
[2020-01-07 15:57:03,229] {logging_mixin.py:112} INFO - {'__index': 13, 'column_mapping': {}, 'columns_groupby': [], 'custom_input_validation': '', 'drop_table': False, 'expressions': [{'__index': 0, 'expression': "calculate_commission_value(product_level_sales,'COMMISSION_CURVE')", 'keep_result': 'keep', 'length': 15, 'precision': 4, 'result': 'comm_earnings', 'type': 'DECIMAL'}], 'replacement_value': '', 'selected_columns': [], 'selected_item_checkbox_data': {}, 'step_id': 'COMMISSION_CALCULATION_FOR_FOS', 'step_inputs': 'GROUP_BY_FOR_PRODUCT_LEVEL_SALES', 'step_name': 'COMMISSION_CALCULATION_FOR_FOS', 'step_type': 'expression-eval'}
[2020-01-07 15:57:03,229] {logging_mixin.py:112} INFO - <airflow.configuration.AirflowConfigParser object at 0x7feac3a3f5c0>
[2020-01-07 15:57:03,229] {python_operator.py:114} INFO - Done. Returned value was: None
[2020-01-07 15:57:12,431] {logging_mixin.py:112} INFO - [2020-01-07 15:57:12,431] {local_task_job.py:103} INFO - Task exited with return code 0
