[2020-01-07 15:47:03,581] {taskinstance.py:655} INFO - Dependencies all met for <TaskInstance: JB_CALCULATE_EARNINGS.READ_SR_INVALID_INPUTS 2020-01-06T00:00:00+00:00 [queued]>
[2020-01-07 15:47:03,591] {taskinstance.py:655} INFO - Dependencies all met for <TaskInstance: JB_CALCULATE_EARNINGS.READ_SR_INVALID_INPUTS 2020-01-06T00:00:00+00:00 [queued]>
[2020-01-07 15:47:03,591] {taskinstance.py:866} INFO - 
--------------------------------------------------------------------------------
[2020-01-07 15:47:03,591] {taskinstance.py:867} INFO - Starting attempt 1 of 1
[2020-01-07 15:47:03,591] {taskinstance.py:868} INFO - 
--------------------------------------------------------------------------------
[2020-01-07 15:47:03,637] {taskinstance.py:887} INFO - Executing <Task(PythonOperator): READ_SR_INVALID_INPUTS> on 2020-01-06T00:00:00+00:00
[2020-01-07 15:47:03,639] {standard_task_runner.py:52} INFO - Started process 28059 to run task
[2020-01-07 15:47:03,706] {logging_mixin.py:112} INFO - [2020-01-07 15:47:03,706] {dagbag.py:403} INFO - Filling up the DagBag from /home/DOM.INCENTIUS.COM/ankur.singh/workspace/airflow_poc/dags/generate_job_dags.py
[2020-01-07 15:47:04,051] {logging_mixin.py:112} INFO - Running %s on host %s <TaskInstance: JB_CALCULATE_EARNINGS.READ_SR_INVALID_INPUTS 2020-01-06T00:00:00+00:00 [running]> PATNA.dom.incentius.com
[2020-01-07 15:47:04,062] {python_operator.py:105} INFO - Exporting the following env vars:
AIRFLOW_CTX_DAG_OWNER=airflow
AIRFLOW_CTX_DAG_ID=JB_CALCULATE_EARNINGS
AIRFLOW_CTX_TASK_ID=READ_SR_INVALID_INPUTS
AIRFLOW_CTX_EXECUTION_DATE=2020-01-06T00:00:00+00:00
AIRFLOW_CTX_DAG_RUN_ID=scheduled__2020-01-06T00:00:00+00:00
[2020-01-07 15:47:04,062] {logging_mixin.py:112} INFO - {'__index': 3, 'column_mapping': {}, 'columns_groupby': [], 'custom_input_validation': '', 'datamonth': 'CURRENT', 'drop_table': False, 'load_schema': 'OP_SR_INP_VALIDATE', 'replacement_value': '', 'selected_columns': [], 'selected_item_checkbox_data': {}, 'step_id': 'READ_SR_INVALID_INPUTS', 'step_inputs': [], 'step_name': 'READ_SR_INVALID_INPUTS', 'step_type': 'read-dm-output'}
[2020-01-07 15:47:04,062] {logging_mixin.py:112} INFO - <airflow.configuration.AirflowConfigParser object at 0x7fe2c56675c0>
[2020-01-07 15:47:04,062] {python_operator.py:114} INFO - Done. Returned value was: None
[2020-01-07 15:47:13,501] {logging_mixin.py:112} INFO - [2020-01-07 15:47:13,500] {local_task_job.py:103} INFO - Task exited with return code 0
