[2020-01-07 15:41:46,266] {taskinstance.py:655} INFO - Dependencies all met for <TaskInstance: edw_etl.load_and_dqm_pipeline 2020-01-06T04:05:00+00:00 [queued]>
[2020-01-07 15:41:46,367] {taskinstance.py:655} INFO - Dependencies all met for <TaskInstance: edw_etl.load_and_dqm_pipeline 2020-01-06T04:05:00+00:00 [queued]>
[2020-01-07 15:41:46,367] {taskinstance.py:866} INFO - 
--------------------------------------------------------------------------------
[2020-01-07 15:41:46,367] {taskinstance.py:867} INFO - Starting attempt 1 of 1
[2020-01-07 15:41:46,367] {taskinstance.py:868} INFO - 
--------------------------------------------------------------------------------
[2020-01-07 15:41:46,476] {taskinstance.py:887} INFO - Executing <Task(PythonOperator): load_and_dqm_pipeline> on 2020-01-06T04:05:00+00:00
[2020-01-07 15:41:46,479] {standard_task_runner.py:52} INFO - Started process 27302 to run task
[2020-01-07 15:41:46,600] {logging_mixin.py:112} INFO - [2020-01-07 15:41:46,598] {dagbag.py:403} INFO - Filling up the DagBag from /home/DOM.INCENTIUS.COM/ankur.singh/workspace/airflow_poc/dags/etl_demo.py
[2020-01-07 15:41:46,638] {logging_mixin.py:112} INFO - Running %s on host %s <TaskInstance: edw_etl.load_and_dqm_pipeline 2020-01-06T04:05:00+00:00 [running]> PATNA.dom.incentius.com
[2020-01-07 15:41:46,650] {python_operator.py:105} INFO - Exporting the following env vars:
AIRFLOW_CTX_DAG_OWNER=airflow
AIRFLOW_CTX_DAG_ID=edw_etl
AIRFLOW_CTX_TASK_ID=load_and_dqm_pipeline
AIRFLOW_CTX_EXECUTION_DATE=2020-01-06T04:05:00+00:00
AIRFLOW_CTX_DAG_RUN_ID=scheduled__2020-01-06T04:05:00+00:00
[2020-01-07 15:41:46,832] {logging_mixin.py:112} INFO - File column_list :DATE,OPEN,HIGH,LOW,CLOSE,ADJ CLOSE,VOLUME
[2020-01-07 15:41:46,832] {logging_mixin.py:112} INFO - File Name :carriage_service_04012019_04012020.csv
[2020-01-07 15:41:46,832] {logging_mixin.py:112} INFO - Total Record :252
[2020-01-07 15:41:46,832] {logging_mixin.py:112} INFO - Batch ID:20edbeca-a8d1-559c-9722-c6b124184e0d
[2020-01-07 15:41:46,944] {python_operator.py:114} INFO - Done. Returned value was: True
[2020-01-07 15:41:56,169] {logging_mixin.py:112} INFO - [2020-01-07 15:41:56,168] {local_task_job.py:103} INFO - Task exited with return code 0
