[2020-01-07 15:58:12,677] {taskinstance.py:655} INFO - Dependencies all met for <TaskInstance: JB_CALCULATE_EARNINGS.COMMISSION_CALCULATION_FOR_SR 2020-01-03T00:00:00+00:00 [queued]>
[2020-01-07 15:58:12,687] {taskinstance.py:655} INFO - Dependencies all met for <TaskInstance: JB_CALCULATE_EARNINGS.COMMISSION_CALCULATION_FOR_SR 2020-01-03T00:00:00+00:00 [queued]>
[2020-01-07 15:58:12,687] {taskinstance.py:866} INFO - 
--------------------------------------------------------------------------------
[2020-01-07 15:58:12,687] {taskinstance.py:867} INFO - Starting attempt 1 of 1
[2020-01-07 15:58:12,687] {taskinstance.py:868} INFO - 
--------------------------------------------------------------------------------
[2020-01-07 15:58:12,757] {taskinstance.py:887} INFO - Executing <Task(PythonOperator): COMMISSION_CALCULATION_FOR_SR> on 2020-01-03T00:00:00+00:00
[2020-01-07 15:58:12,763] {standard_task_runner.py:52} INFO - Started process 29361 to run task
[2020-01-07 15:58:12,860] {logging_mixin.py:112} INFO - [2020-01-07 15:58:12,859] {dagbag.py:403} INFO - Filling up the DagBag from /home/DOM.INCENTIUS.COM/ankur.singh/workspace/airflow_poc/dags/generate_job_dags.py
[2020-01-07 15:58:13,128] {logging_mixin.py:112} INFO - Running %s on host %s <TaskInstance: JB_CALCULATE_EARNINGS.COMMISSION_CALCULATION_FOR_SR 2020-01-03T00:00:00+00:00 [running]> PATNA.dom.incentius.com
[2020-01-07 15:58:13,139] {python_operator.py:105} INFO - Exporting the following env vars:
AIRFLOW_CTX_DAG_OWNER=airflow
AIRFLOW_CTX_DAG_ID=JB_CALCULATE_EARNINGS
AIRFLOW_CTX_TASK_ID=COMMISSION_CALCULATION_FOR_SR
AIRFLOW_CTX_EXECUTION_DATE=2020-01-03T00:00:00+00:00
AIRFLOW_CTX_DAG_RUN_ID=scheduled__2020-01-03T00:00:00+00:00
[2020-01-07 15:58:13,140] {logging_mixin.py:112} INFO - {'__index': 12, 'column_mapping': {}, 'columns_groupby': [], 'custom_input_validation': '', 'drop_table': False, 'expressions': [{'__index': 0, 'expression': "calculate_commission_value(product_level_sales,'COMMISSION_CURVE')", 'keep_result': 'keep', 'length': 15, 'precision': 4, 'result': 'com_earnings', 'type': 'DECIMAL'}], 'replacement_value': '', 'selected_columns': [], 'selected_item_checkbox_data': {}, 'step_id': 'COMMISSION_CALCULATION_FOR_SR', 'step_inputs': 'GROUP_BY_FOR_PRODUCT_LEVEL_SALES_SR', 'step_name': 'COMMISSION_CALCULATION_FOR_SR', 'step_type': 'expression-eval'}
[2020-01-07 15:58:13,140] {logging_mixin.py:112} INFO - <airflow.configuration.AirflowConfigParser object at 0x7f9f0ef255c0>
[2020-01-07 15:58:13,140] {python_operator.py:114} INFO - Done. Returned value was: None
[2020-01-07 15:58:22,593] {logging_mixin.py:112} INFO - [2020-01-07 15:58:22,592] {local_task_job.py:103} INFO - Task exited with return code 0
