[2020-01-07 15:53:30,454] {taskinstance.py:655} INFO - Dependencies all met for <TaskInstance: JB_CALCULATE_EARNINGS.FILTER_OUT_INVALID_INPUTS_SR 2020-01-03T00:00:00+00:00 [queued]>
[2020-01-07 15:53:30,469] {taskinstance.py:655} INFO - Dependencies all met for <TaskInstance: JB_CALCULATE_EARNINGS.FILTER_OUT_INVALID_INPUTS_SR 2020-01-03T00:00:00+00:00 [queued]>
[2020-01-07 15:53:30,469] {taskinstance.py:866} INFO - 
--------------------------------------------------------------------------------
[2020-01-07 15:53:30,469] {taskinstance.py:867} INFO - Starting attempt 1 of 1
[2020-01-07 15:53:30,469] {taskinstance.py:868} INFO - 
--------------------------------------------------------------------------------
[2020-01-07 15:53:30,584] {taskinstance.py:887} INFO - Executing <Task(PythonOperator): FILTER_OUT_INVALID_INPUTS_SR> on 2020-01-03T00:00:00+00:00
[2020-01-07 15:53:30,589] {standard_task_runner.py:52} INFO - Started process 28741 to run task
[2020-01-07 15:53:30,705] {logging_mixin.py:112} INFO - [2020-01-07 15:53:30,704] {dagbag.py:403} INFO - Filling up the DagBag from /home/DOM.INCENTIUS.COM/ankur.singh/workspace/airflow_poc/dags/generate_job_dags.py
[2020-01-07 15:53:31,001] {logging_mixin.py:112} INFO - Running %s on host %s <TaskInstance: JB_CALCULATE_EARNINGS.FILTER_OUT_INVALID_INPUTS_SR 2020-01-03T00:00:00+00:00 [running]> PATNA.dom.incentius.com
[2020-01-07 15:53:31,013] {python_operator.py:105} INFO - Exporting the following env vars:
AIRFLOW_CTX_DAG_OWNER=airflow
AIRFLOW_CTX_DAG_ID=JB_CALCULATE_EARNINGS
AIRFLOW_CTX_TASK_ID=FILTER_OUT_INVALID_INPUTS_SR
AIRFLOW_CTX_EXECUTION_DATE=2020-01-03T00:00:00+00:00
AIRFLOW_CTX_DAG_RUN_ID=scheduled__2020-01-03T00:00:00+00:00
[2020-01-07 15:53:31,013] {logging_mixin.py:112} INFO - {'__index': 9, 'column_mapping': {}, 'columns_groupby': [], 'custom_input_validation': '', 'drop_table': False, 'expression': "rep_id_validation!='False' or cust_id_validation!='False' or term_validation!='False' or negative_number_validation!='False' or discount_validation!='False'", 'replacement_value': '', 'selected_columns': [], 'selected_item_checkbox_data': {}, 'step_id': 'FILTER_OUT_INVALID_INPUTS_SR', 'step_inputs': 'JOIN_FOR_INVALID_INPUTS_SR', 'step_name': 'FILTER_OUT_INVALID_INPUTS_SR', 'step_type': 'filter-rows'}
[2020-01-07 15:53:31,013] {logging_mixin.py:112} INFO - <airflow.configuration.AirflowConfigParser object at 0x7ffaaf7a15c0>
[2020-01-07 15:53:31,013] {python_operator.py:114} INFO - Done. Returned value was: None
[2020-01-07 15:53:40,324] {logging_mixin.py:112} INFO - [2020-01-07 15:53:40,324] {local_task_job.py:103} INFO - Task exited with return code 0
