[2020-01-07 15:50:56,896] {taskinstance.py:655} INFO - Dependencies all met for <TaskInstance: JB_CALCULATE_EARNINGS.FILTER_OUT_INVALID_INPUTS_FOS 2020-01-01T00:00:00+00:00 [queued]>
[2020-01-07 15:50:56,910] {taskinstance.py:655} INFO - Dependencies all met for <TaskInstance: JB_CALCULATE_EARNINGS.FILTER_OUT_INVALID_INPUTS_FOS 2020-01-01T00:00:00+00:00 [queued]>
[2020-01-07 15:50:56,910] {taskinstance.py:866} INFO - 
--------------------------------------------------------------------------------
[2020-01-07 15:50:56,910] {taskinstance.py:867} INFO - Starting attempt 1 of 1
[2020-01-07 15:50:56,910] {taskinstance.py:868} INFO - 
--------------------------------------------------------------------------------
[2020-01-07 15:50:56,968] {taskinstance.py:887} INFO - Executing <Task(PythonOperator): FILTER_OUT_INVALID_INPUTS_FOS> on 2020-01-01T00:00:00+00:00
[2020-01-07 15:50:56,973] {standard_task_runner.py:52} INFO - Started process 28463 to run task
[2020-01-07 15:50:57,078] {logging_mixin.py:112} INFO - [2020-01-07 15:50:57,077] {dagbag.py:403} INFO - Filling up the DagBag from /home/DOM.INCENTIUS.COM/ankur.singh/workspace/airflow_poc/dags/generate_job_dags.py
[2020-01-07 15:50:57,362] {logging_mixin.py:112} INFO - Running %s on host %s <TaskInstance: JB_CALCULATE_EARNINGS.FILTER_OUT_INVALID_INPUTS_FOS 2020-01-01T00:00:00+00:00 [running]> PATNA.dom.incentius.com
[2020-01-07 15:50:57,372] {python_operator.py:105} INFO - Exporting the following env vars:
AIRFLOW_CTX_DAG_OWNER=airflow
AIRFLOW_CTX_DAG_ID=JB_CALCULATE_EARNINGS
AIRFLOW_CTX_TASK_ID=FILTER_OUT_INVALID_INPUTS_FOS
AIRFLOW_CTX_EXECUTION_DATE=2020-01-01T00:00:00+00:00
AIRFLOW_CTX_DAG_RUN_ID=scheduled__2020-01-01T00:00:00+00:00
[2020-01-07 15:50:57,372] {logging_mixin.py:112} INFO - {'__index': 6, 'column_mapping': {}, 'columns_groupby': [], 'custom_input_validation': '', 'drop_table': False, 'expression': "rep_id_validation!='False' or qty_validation!='False' or cust_id_validation!='False' or discount_validation!='False' or negative_number_validation!='False' or outlier_detection!='False'", 'replacement_value': '', 'selected_columns': [], 'selected_item_checkbox_data': {}, 'step_id': 'FILTER_OUT_INVALID_INPUTS_FOS', 'step_inputs': 'JOIN_FOR_INVALID_INPUTS_FOS', 'step_name': 'FILTER_OUT_INVALID_INPUTS_FOS', 'step_type': 'filter-rows'}
[2020-01-07 15:50:57,372] {logging_mixin.py:112} INFO - <airflow.configuration.AirflowConfigParser object at 0x7f2286c40550>
[2020-01-07 15:50:57,372] {python_operator.py:114} INFO - Done. Returned value was: None
[2020-01-07 15:51:06,813] {logging_mixin.py:112} INFO - [2020-01-07 15:51:06,812] {local_task_job.py:103} INFO - Task exited with return code 0
