[2020-01-06 19:49:50,476] {taskinstance.py:655} INFO - Dependencies all met for <TaskInstance: edw_etl.load_and_dqm_pipeline 2020-01-06T14:19:47.347673+00:00 [queued]>
[2020-01-06 19:49:50,488] {taskinstance.py:655} INFO - Dependencies all met for <TaskInstance: edw_etl.load_and_dqm_pipeline 2020-01-06T14:19:47.347673+00:00 [queued]>
[2020-01-06 19:49:50,488] {taskinstance.py:866} INFO - 
--------------------------------------------------------------------------------
[2020-01-06 19:49:50,489] {taskinstance.py:867} INFO - Starting attempt 1 of 1
[2020-01-06 19:49:50,489] {taskinstance.py:868} INFO - 
--------------------------------------------------------------------------------
[2020-01-06 19:49:50,663] {taskinstance.py:887} INFO - Executing <Task(PythonOperator): load_and_dqm_pipeline> on 2020-01-06T14:19:47.347673+00:00
[2020-01-06 19:49:50,668] {standard_task_runner.py:52} INFO - Started process 20113 to run task
[2020-01-06 19:49:50,779] {logging_mixin.py:112} INFO - [2020-01-06 19:49:50,778] {dagbag.py:403} INFO - Filling up the DagBag from /home/DOM.INCENTIUS.COM/ankur.singh/workspace/airflow_poc/dags/etl_demo.py
[2020-01-06 19:49:50,814] {logging_mixin.py:112} INFO - Running %s on host %s <TaskInstance: edw_etl.load_and_dqm_pipeline 2020-01-06T14:19:47.347673+00:00 [running]> PATNA.dom.incentius.com
[2020-01-06 19:49:50,826] {python_operator.py:105} INFO - Exporting the following env vars:
AIRFLOW_CTX_DAG_OWNER=airflow
AIRFLOW_CTX_DAG_ID=edw_etl
AIRFLOW_CTX_TASK_ID=load_and_dqm_pipeline
AIRFLOW_CTX_EXECUTION_DATE=2020-01-06T14:19:47.347673+00:00
AIRFLOW_CTX_DAG_RUN_ID=manual__2020-01-06T14:19:47.347673+00:00
[2020-01-06 19:49:53,919] {logging_mixin.py:112} INFO - File column_list :DATE,OPEN,HIGH,LOW,CLOSE,ADJ CLOSE,VOLUME
[2020-01-06 19:49:53,920] {logging_mixin.py:112} INFO - File Name :carriage_service_04012019_04012020.csv
[2020-01-06 19:49:53,920] {logging_mixin.py:112} INFO - Total Record :252
[2020-01-06 19:49:53,920] {logging_mixin.py:112} INFO - Batch ID:3be5f689-aab8-59ca-8392-5b87e2c89e16
[2020-01-06 19:49:54,046] {python_operator.py:114} INFO - Done. Returned value was: True
[2020-01-06 19:50:00,407] {logging_mixin.py:112} INFO - [2020-01-06 19:50:00,406] {local_task_job.py:103} INFO - Task exited with return code 0
