[2020-01-07 15:47:26,793] {taskinstance.py:655} INFO - Dependencies all met for <TaskInstance: JB_CALCULATE_EARNINGS.JOIN_FOR_INVALID_INPUTS_FOS 2020-01-01T00:00:00+00:00 [queued]>
[2020-01-07 15:47:26,808] {taskinstance.py:655} INFO - Dependencies all met for <TaskInstance: JB_CALCULATE_EARNINGS.JOIN_FOR_INVALID_INPUTS_FOS 2020-01-01T00:00:00+00:00 [queued]>
[2020-01-07 15:47:26,808] {taskinstance.py:866} INFO - 
--------------------------------------------------------------------------------
[2020-01-07 15:47:26,808] {taskinstance.py:867} INFO - Starting attempt 1 of 1
[2020-01-07 15:47:26,808] {taskinstance.py:868} INFO - 
--------------------------------------------------------------------------------
[2020-01-07 15:47:26,852] {taskinstance.py:887} INFO - Executing <Task(PythonOperator): JOIN_FOR_INVALID_INPUTS_FOS> on 2020-01-01T00:00:00+00:00
[2020-01-07 15:47:26,856] {standard_task_runner.py:52} INFO - Started process 28117 to run task
[2020-01-07 15:47:26,990] {logging_mixin.py:112} INFO - [2020-01-07 15:47:26,989] {dagbag.py:403} INFO - Filling up the DagBag from /home/DOM.INCENTIUS.COM/ankur.singh/workspace/airflow_poc/dags/generate_job_dags.py
[2020-01-07 15:47:27,376] {logging_mixin.py:112} INFO - Running %s on host %s <TaskInstance: JB_CALCULATE_EARNINGS.JOIN_FOR_INVALID_INPUTS_FOS 2020-01-01T00:00:00+00:00 [running]> PATNA.dom.incentius.com
[2020-01-07 15:47:27,389] {python_operator.py:105} INFO - Exporting the following env vars:
AIRFLOW_CTX_DAG_OWNER=airflow
AIRFLOW_CTX_DAG_ID=JB_CALCULATE_EARNINGS
AIRFLOW_CTX_TASK_ID=JOIN_FOR_INVALID_INPUTS_FOS
AIRFLOW_CTX_EXECUTION_DATE=2020-01-01T00:00:00+00:00
AIRFLOW_CTX_DAG_RUN_ID=scheduled__2020-01-01T00:00:00+00:00
[2020-01-07 15:47:27,389] {logging_mixin.py:112} INFO - {'__index': 5, 'column_mapping': {}, 'columns_groupby': [], 'custom_input_validation': '', 'drop_table': False, 'how': 'left', 'left_join_columns': ['rep_id', 'product_id', 'product_name'], 'replacement_value': '', 'right_join_columns': ['rep_id', 'product_id', 'product_name'], 'right_suffix': '_1', 'selected_columns': [], 'selected_item_checkbox_data': {}, 'step_id': 'JOIN_FOR_INVALID_INPUTS_FOS', 'step_inputs': ['READ_FOS_PROCESSED_SALES', 'READ_FOS_INVALID_INPUTS'], 'step_name': 'JOIN_FOR_INVALID_INPUTS_FOS', 'step_type': 'join-tables'}
[2020-01-07 15:47:27,389] {logging_mixin.py:112} INFO - <airflow.configuration.AirflowConfigParser object at 0x7fc7d18a45c0>
[2020-01-07 15:47:27,389] {python_operator.py:114} INFO - Done. Returned value was: None
[2020-01-07 15:47:36,748] {logging_mixin.py:112} INFO - [2020-01-07 15:47:36,748] {local_task_job.py:103} INFO - Task exited with return code 0
