[2020-01-07 15:50:10,643] {taskinstance.py:655} INFO - Dependencies all met for <TaskInstance: JB_CALCULATE_EARNINGS.JOIN_FOR_INVALID_INPUTS_SR 2020-01-03T00:00:00+00:00 [queued]>
[2020-01-07 15:50:10,666] {taskinstance.py:655} INFO - Dependencies all met for <TaskInstance: JB_CALCULATE_EARNINGS.JOIN_FOR_INVALID_INPUTS_SR 2020-01-03T00:00:00+00:00 [queued]>
[2020-01-07 15:50:10,666] {taskinstance.py:866} INFO - 
--------------------------------------------------------------------------------
[2020-01-07 15:50:10,666] {taskinstance.py:867} INFO - Starting attempt 1 of 1
[2020-01-07 15:50:10,666] {taskinstance.py:868} INFO - 
--------------------------------------------------------------------------------
[2020-01-07 15:50:10,715] {taskinstance.py:887} INFO - Executing <Task(PythonOperator): JOIN_FOR_INVALID_INPUTS_SR> on 2020-01-03T00:00:00+00:00
[2020-01-07 15:50:10,723] {standard_task_runner.py:52} INFO - Started process 28410 to run task
[2020-01-07 15:50:10,826] {logging_mixin.py:112} INFO - [2020-01-07 15:50:10,825] {dagbag.py:403} INFO - Filling up the DagBag from /home/DOM.INCENTIUS.COM/ankur.singh/workspace/airflow_poc/dags/generate_job_dags.py
[2020-01-07 15:50:11,105] {logging_mixin.py:112} INFO - Running %s on host %s <TaskInstance: JB_CALCULATE_EARNINGS.JOIN_FOR_INVALID_INPUTS_SR 2020-01-03T00:00:00+00:00 [running]> PATNA.dom.incentius.com
[2020-01-07 15:50:11,117] {python_operator.py:105} INFO - Exporting the following env vars:
AIRFLOW_CTX_DAG_OWNER=airflow
AIRFLOW_CTX_DAG_ID=JB_CALCULATE_EARNINGS
AIRFLOW_CTX_TASK_ID=JOIN_FOR_INVALID_INPUTS_SR
AIRFLOW_CTX_EXECUTION_DATE=2020-01-03T00:00:00+00:00
AIRFLOW_CTX_DAG_RUN_ID=scheduled__2020-01-03T00:00:00+00:00
[2020-01-07 15:50:11,118] {logging_mixin.py:112} INFO - {'__index': 8, 'column_mapping': {}, 'columns_groupby': [], 'custom_input_validation': '', 'drop_table': False, 'how': 'left', 'left_join_columns': ['rep_id', 'product_id'], 'replacement_value': '', 'right_join_columns': ['rep_id', 'product_id'], 'right_suffix': '_SR', 'selected_columns': [], 'selected_item_checkbox_data': {}, 'step_id': 'JOIN_FOR_INVALID_INPUTS_SR', 'step_inputs': ['READ_SR_PROCESSED_SALES', 'READ_SR_INVALID_INPUTS'], 'step_name': 'JOIN_FOR_INVALID_INPUTS_SR', 'step_type': 'join-tables'}
[2020-01-07 15:50:11,118] {logging_mixin.py:112} INFO - <airflow.configuration.AirflowConfigParser object at 0x7f4ee9d1d550>
[2020-01-07 15:50:11,118] {python_operator.py:114} INFO - Done. Returned value was: None
[2020-01-07 15:50:20,568] {logging_mixin.py:112} INFO - [2020-01-07 15:50:20,568] {local_task_job.py:103} INFO - Task exited with return code 0
