[2020-01-06 22:16:51,205] {taskinstance.py:655} INFO - Dependencies all met for <TaskInstance: edw_etl.load_and_dqm_pipeline 2020-01-06T16:46:45.090172+00:00 [queued]>
[2020-01-06 22:16:51,214] {taskinstance.py:655} INFO - Dependencies all met for <TaskInstance: edw_etl.load_and_dqm_pipeline 2020-01-06T16:46:45.090172+00:00 [queued]>
[2020-01-06 22:16:51,214] {taskinstance.py:866} INFO - 
--------------------------------------------------------------------------------
[2020-01-06 22:16:51,214] {taskinstance.py:867} INFO - Starting attempt 1 of 1
[2020-01-06 22:16:51,214] {taskinstance.py:868} INFO - 
--------------------------------------------------------------------------------
[2020-01-06 22:16:51,299] {taskinstance.py:887} INFO - Executing <Task(PythonOperator): load_and_dqm_pipeline> on 2020-01-06T16:46:45.090172+00:00
[2020-01-06 22:16:51,303] {standard_task_runner.py:52} INFO - Started process 24892 to run task
[2020-01-06 22:16:51,528] {logging_mixin.py:112} INFO - [2020-01-06 22:16:51,527] {dagbag.py:403} INFO - Filling up the DagBag from /home/DOM.INCENTIUS.COM/ankur.singh/workspace/airflow_poc/dags/etl_demo.py
[2020-01-06 22:16:51,583] {logging_mixin.py:112} INFO - Running %s on host %s <TaskInstance: edw_etl.load_and_dqm_pipeline 2020-01-06T16:46:45.090172+00:00 [running]> PATNA.DOM.INCENTIUS.COM
[2020-01-06 22:16:51,596] {python_operator.py:105} INFO - Exporting the following env vars:
AIRFLOW_CTX_DAG_OWNER=airflow
AIRFLOW_CTX_DAG_ID=edw_etl
AIRFLOW_CTX_TASK_ID=load_and_dqm_pipeline
AIRFLOW_CTX_EXECUTION_DATE=2020-01-06T16:46:45.090172+00:00
AIRFLOW_CTX_DAG_RUN_ID=manual__2020-01-06T16:46:45.090172+00:00
[2020-01-06 22:16:52,684] {logging_mixin.py:112} INFO - File column_list :DATE,OPEN,HIGH,LOW,CLOSE,ADJ CLOSE,VOLUME
[2020-01-06 22:16:52,684] {logging_mixin.py:112} INFO - File Name :carriage_service_04012019_04012020.csv
[2020-01-06 22:16:52,685] {logging_mixin.py:112} INFO - Total Record :252
[2020-01-06 22:16:52,685] {logging_mixin.py:112} INFO - Batch ID:a0acda33-ffd6-515d-ae75-ca3ecee78103
[2020-01-06 22:16:52,817] {python_operator.py:114} INFO - Done. Returned value was: True
[2020-01-06 22:17:01,097] {logging_mixin.py:112} INFO - [2020-01-06 22:17:01,096] {local_task_job.py:103} INFO - Task exited with return code 0
