[2020-01-06 20:08:02,693] {taskinstance.py:655} INFO - Dependencies all met for <TaskInstance: edw_etl1.load_and_dqm_pipeline 2020-01-05T04:05:00+00:00 [queued]>
[2020-01-06 20:08:02,715] {taskinstance.py:655} INFO - Dependencies all met for <TaskInstance: edw_etl1.load_and_dqm_pipeline 2020-01-05T04:05:00+00:00 [queued]>
[2020-01-06 20:08:02,716] {taskinstance.py:866} INFO - 
--------------------------------------------------------------------------------
[2020-01-06 20:08:02,716] {taskinstance.py:867} INFO - Starting attempt 1 of 1
[2020-01-06 20:08:02,716] {taskinstance.py:868} INFO - 
--------------------------------------------------------------------------------
[2020-01-06 20:08:02,851] {taskinstance.py:887} INFO - Executing <Task(PythonOperator): load_and_dqm_pipeline> on 2020-01-05T04:05:00+00:00
[2020-01-06 20:08:02,862] {standard_task_runner.py:52} INFO - Started process 22017 to run task
[2020-01-06 20:08:03,074] {logging_mixin.py:112} INFO - [2020-01-06 20:08:03,073] {dagbag.py:403} INFO - Filling up the DagBag from /home/DOM.INCENTIUS.COM/ankur.singh/workspace/airflow_poc/dags/etl_demo1.py
[2020-01-06 20:08:03,106] {logging_mixin.py:112} INFO - Running %s on host %s <TaskInstance: edw_etl1.load_and_dqm_pipeline 2020-01-05T04:05:00+00:00 [running]> PATNA.dom.incentius.com
[2020-01-06 20:08:03,120] {python_operator.py:105} INFO - Exporting the following env vars:
AIRFLOW_CTX_DAG_OWNER=airflow
AIRFLOW_CTX_DAG_ID=edw_etl1
AIRFLOW_CTX_TASK_ID=load_and_dqm_pipeline
AIRFLOW_CTX_EXECUTION_DATE=2020-01-05T04:05:00+00:00
AIRFLOW_CTX_DAG_RUN_ID=scheduled__2020-01-05T04:05:00+00:00
[2020-01-06 20:08:03,304] {logging_mixin.py:112} INFO - File column_list :DATE,OPEN,HIGH,LOW,CLOSE,ADJ CLOSE,VOLUME
[2020-01-06 20:08:03,304] {logging_mixin.py:112} INFO - File Name :carriage_service_04012019_04012020.csv
[2020-01-06 20:08:03,304] {logging_mixin.py:112} INFO - Total Record :252
[2020-01-06 20:08:03,304] {logging_mixin.py:112} INFO - Batch ID:afcd9d12-cadf-563b-9e17-d3865fd20edc
[2020-01-06 20:08:03,414] {python_operator.py:114} INFO - Done. Returned value was: True
[2020-01-06 20:08:12,636] {logging_mixin.py:112} INFO - [2020-01-06 20:08:12,635] {local_task_job.py:103} INFO - Task exited with return code 0
